<?xml version="1.0" encoding="UTF-8"?>
<!-- Generated by org.testng.reporters.JUnitReportReporter -->
<testsuite hostname="DESKTOP-OA4OHKQ" failures="0" tests="1" name="LogInFromPropertiesFile.LogIn" time="6.161" errors="0" timestamp="2022-05-12T05:21:40 EDT" skipped="0">
  <testcase classname="LogInFromPropertiesFile.LogIn" name="logIn" time="6.161"/>
  <system-out/>
</testsuite> <!-- LogInFromPropertiesFile.LogIn -->
