<?xml version="1.0" encoding="UTF-8"?>
<!-- Generated by org.testng.reporters.JUnitReportReporter -->
<testsuite hostname="DESKTOP-OA4OHKQ" failures="0" tests="1" name="LogInFromPropertiesFile.LoginTest" time="10.608" errors="0" timestamp="2022-06-01T00:23:27 EDT" skipped="0">
  <testcase classname="LogInFromPropertiesFile.LoginTest" name="Login" time="10.608"/>
  <system-out/>
</testsuite> <!-- LogInFromPropertiesFile.LoginTest -->
