<?xml version="1.0" encoding="UTF-8"?>
<!-- Generated by org.testng.reporters.JUnitReportReporter -->
<testsuite hostname="DESKTOP-OA4OHKQ" failures="0" tests="1" name="LogInFromPropertiesFile.LoginTest" time="6.541" errors="0" timestamp="2022-05-12T05:39:43 EDT" skipped="0">
  <testcase classname="LogInFromPropertiesFile.LoginTest" name="Login" time="6.541"/>
  <system-out/>
</testsuite> <!-- LogInFromPropertiesFile.LoginTest -->
