<?xml version="1.0" encoding="UTF-8"?>
<!-- Generated by org.testng.reporters.JUnitReportReporter -->
<testsuite hostname="DESKTOP-OA4OHKQ" failures="0" tests="1" name="LogInFromPropertiesFile.Module9_TestScenerio_I_TestNG_Fbklogin" time="6.732" errors="0" timestamp="2022-05-12T05:21:40 EDT" skipped="0">
  <testcase classname="LogInFromPropertiesFile.Module9_TestScenerio_I_TestNG_Fbklogin" name="logIn" time="6.732"/>
  <system-out/>
</testsuite> <!-- LogInFromPropertiesFile.Module9_TestScenerio_I_TestNG_Fbklogin -->
